<?xml version="1.0" encoding="UTF-8"?>
<testng-results skipped="0" failed="0" ignored="0" total="3" passed="3">
  <reporter-output>
  </reporter-output>
  <suite name="Surefire suite" duration-ms="59341" started-at="2020-07-27T11:48:37Z" finished-at="2020-07-27T11:49:36Z">
    <groups>
    </groups>
    <test name="Surefire test" duration-ms="59341" started-at="2020-07-27T11:48:37Z" finished-at="2020-07-27T11:49:36Z">
      <class name="com.crm.qa.testcases.HomePageTest">
        <test-method status="PASS" signature="setUp()[pri:0, instance:com.crm.qa.testcases.HomePageTest@617c74e5]" name="setUp" is-config="true" duration-ms="20108" started-at="2020-07-27T11:49:04Z" finished-at="2020-07-27T11:49:24Z">
          <reporter-output>
          </reporter-output>
        </test-method> <!-- setUp -->
        <test-method status="PASS" signature="verifyHomePageTitleTest()[pri:1, instance:com.crm.qa.testcases.HomePageTest@617c74e5]" name="verifyHomePageTitleTest" duration-ms="22" started-at="2020-07-27T11:49:24Z" finished-at="2020-07-27T11:49:24Z">
          <reporter-output>
          </reporter-output>
        </test-method> <!-- verifyHomePageTitleTest -->
        <test-method status="PASS" signature="tearDown()[pri:0, instance:com.crm.qa.testcases.HomePageTest@617c74e5]" name="tearDown" is-config="true" duration-ms="176" started-at="2020-07-27T11:49:24Z" finished-at="2020-07-27T11:49:24Z">
          <reporter-output>
          </reporter-output>
        </test-method> <!-- tearDown -->
      </class> <!-- com.crm.qa.testcases.HomePageTest -->
      <class name="com.crm.qa.testcases.ContactsPageTest">
        <test-method status="PASS" signature="setUp()[pri:0, instance:com.crm.qa.testcases.ContactsPageTest@2d3fcdbd]" name="setUp" is-config="true" duration-ms="26300" started-at="2020-07-27T11:48:37Z" finished-at="2020-07-27T11:49:03Z">
          <reporter-output>
          </reporter-output>
        </test-method> <!-- setUp -->
        <test-method status="PASS" signature="verifyContactsPageLabel()[pri:1, instance:com.crm.qa.testcases.ContactsPageTest@2d3fcdbd]" name="verifyContactsPageLabel" duration-ms="154" started-at="2020-07-27T11:49:03Z" finished-at="2020-07-27T11:49:03Z">
          <reporter-output>
          </reporter-output>
        </test-method> <!-- verifyContactsPageLabel -->
        <test-method status="PASS" signature="tearDown()[pri:0, instance:com.crm.qa.testcases.ContactsPageTest@2d3fcdbd]" name="tearDown" is-config="true" duration-ms="307" started-at="2020-07-27T11:49:03Z" finished-at="2020-07-27T11:49:04Z">
          <reporter-output>
          </reporter-output>
        </test-method> <!-- tearDown -->
      </class> <!-- com.crm.qa.testcases.ContactsPageTest -->
      <class name="com.crm.qa.testcases.LoginPageTest">
        <test-method status="PASS" signature="setUp()[pri:0, instance:com.crm.qa.testcases.LoginPageTest@6537cf78]" name="setUp" is-config="true" duration-ms="11808" started-at="2020-07-27T11:49:24Z" finished-at="2020-07-27T11:49:36Z">
          <reporter-output>
          </reporter-output>
        </test-method> <!-- setUp -->
        <test-method status="PASS" signature="loginPageTitleTest()[pri:1, instance:com.crm.qa.testcases.LoginPageTest@6537cf78]" name="loginPageTitleTest" duration-ms="52" started-at="2020-07-27T11:49:36Z" finished-at="2020-07-27T11:49:36Z">
          <reporter-output>
          </reporter-output>
        </test-method> <!-- loginPageTitleTest -->
        <test-method status="PASS" signature="tearDown()[pri:0, instance:com.crm.qa.testcases.LoginPageTest@6537cf78]" name="tearDown" is-config="true" duration-ms="341" started-at="2020-07-27T11:49:36Z" finished-at="2020-07-27T11:49:36Z">
          <reporter-output>
          </reporter-output>
        </test-method> <!-- tearDown -->
      </class> <!-- com.crm.qa.testcases.LoginPageTest -->
    </test> <!-- Surefire test -->
  </suite> <!-- Surefire suite -->
</testng-results>
